<?xml version="1.0" encoding="UTF-8"?>
<!-- Generated by org.testng.reporters.JUnitXMLReporter -->
<testsuite hostname="Venkatesh" ignored="0" name="HomePage" tests="1" failures="1" timestamp="2020-11-13T16:31:31 IST" time="7.92" errors="0">
  <testcase name="homePage" time="0.107" classname="TestCases.homePage">
    <failure type="java.lang.AssertionError" message="expected [AN ACADEMY TO LEARN EVERYTHING ABOUT TESTINGs] but found [AN ACADEMY TO LEARN EVERYTHING ABOUT TESTING]">
      <![CDATA[java.lang.AssertionError: expected [AN ACADEMY TO LEARN EVERYTHING ABOUT TESTINGs] but found [AN ACADEMY TO LEARN EVERYTHING ABOUT TESTING]
at TestCases.homePage.homePage(homePage.java:33)
at java.util.ArrayList.forEach(ArrayList.java:1255)
... Removed 37 stack frames]]>
    </failure>
  </testcase> <!-- homePage -->
</testsuite> <!-- HomePage -->
