<?xml version="1.0" encoding="UTF-8"?>
<testng-results skipped="0" failed="0" ignored="0" total="1" passed="1">
  <reporter-output>
  </reporter-output>
  <suite name="Suite" duration-ms="6835" started-at="2020-11-11T14:22:26 IST" finished-at="2020-11-11T14:22:33 IST">
    <groups>
    </groups>
    <test name="Test" duration-ms="6835" started-at="2020-11-11T14:22:26 IST" finished-at="2020-11-11T14:22:33 IST">
      <class name="TestCases.homePage">
        <test-method status="PASS" signature="setUp()[pri:0, instance:TestCases.homePage@544fe44c]" name="setUp" is-config="true" duration-ms="6556" started-at="2020-11-11T14:22:26 IST" finished-at="2020-11-11T14:22:33 IST">
          <reporter-output>
          </reporter-output>
        </test-method> <!-- setUp -->
        <test-method status="PASS" signature="homePage()[pri:0, instance:TestCases.homePage@544fe44c]" name="homePage" duration-ms="168" started-at="2020-11-11T14:22:33 IST" finished-at="2020-11-11T14:22:33 IST">
          <reporter-output>
          </reporter-output>
        </test-method> <!-- homePage -->
        <test-method status="PASS" signature="tearDown()[pri:0, instance:TestCases.homePage@544fe44c]" name="tearDown" is-config="true" duration-ms="61" started-at="2020-11-11T14:22:33 IST" finished-at="2020-11-11T14:22:33 IST">
          <reporter-output>
          </reporter-output>
        </test-method> <!-- tearDown -->
      </class> <!-- TestCases.homePage -->
    </test> <!-- Test -->
  </suite> <!-- Suite -->
</testng-results>
