<?xml version="1.0" encoding="UTF-8"?>
<testng-results skipped="0" failed="0" ignored="0" total="1" passed="1">
  <reporter-output>
  </reporter-output>
  <suite name="Default suite" duration-ms="8246" started-at="2020-11-11T14:21:32 IST" finished-at="2020-11-11T14:21:41 IST">
    <groups>
    </groups>
    <test name="Default test" duration-ms="8246" started-at="2020-11-11T14:21:32 IST" finished-at="2020-11-11T14:21:41 IST">
      <class name="TestCases.homePage">
        <test-method status="PASS" signature="setUp()[pri:0, instance:TestCases.homePage@704a52ec]" name="setUp" is-config="true" duration-ms="7753" started-at="2020-11-11T14:21:32 IST" finished-at="2020-11-11T14:21:40 IST">
          <reporter-output>
          </reporter-output>
        </test-method> <!-- setUp -->
        <test-method status="PASS" signature="homePage()[pri:0, instance:TestCases.homePage@704a52ec]" name="homePage" duration-ms="231" started-at="2020-11-11T14:21:40 IST" finished-at="2020-11-11T14:21:41 IST">
          <reporter-output>
          </reporter-output>
        </test-method> <!-- homePage -->
        <test-method status="PASS" signature="tearDown()[pri:0, instance:TestCases.homePage@704a52ec]" name="tearDown" is-config="true" duration-ms="201" started-at="2020-11-11T14:21:41 IST" finished-at="2020-11-11T14:21:41 IST">
          <reporter-output>
          </reporter-output>
        </test-method> <!-- tearDown -->
      </class> <!-- TestCases.homePage -->
    </test> <!-- Default test -->
  </suite> <!-- Default suite -->
</testng-results>
