<?xml version="1.0" encoding="UTF-8"?>
<testng-results skipped="0" failed="0" ignored="0" total="1" passed="1">
  <reporter-output>
  </reporter-output>
  <suite name="Default suite" duration-ms="11967" started-at="2020-11-12T13:53:54 IST" finished-at="2020-11-12T13:54:06 IST">
    <groups>
    </groups>
    <test name="Default test" duration-ms="11967" started-at="2020-11-12T13:53:54 IST" finished-at="2020-11-12T13:54:06 IST">
      <class name="TestCases.AutoITPage">
        <test-method status="PASS" signature="setUp()[pri:0, instance:TestCases.AutoITPage@484970b0]" name="setUp" is-config="true" duration-ms="3429" started-at="2020-11-12T13:53:54 IST" finished-at="2020-11-12T13:53:58 IST">
          <reporter-output>
          </reporter-output>
        </test-method> <!-- setUp -->
        <test-method status="PASS" signature="authWin()[pri:0, instance:TestCases.AutoITPage@484970b0]" name="authWin" duration-ms="8387" started-at="2020-11-12T13:53:58 IST" finished-at="2020-11-12T13:54:06 IST">
          <reporter-output>
          </reporter-output>
        </test-method> <!-- authWin -->
        <test-method status="PASS" signature="tearDown()[pri:0, instance:TestCases.AutoITPage@484970b0]" name="tearDown" is-config="true" duration-ms="112" started-at="2020-11-12T13:54:06 IST" finished-at="2020-11-12T13:54:06 IST">
          <reporter-output>
          </reporter-output>
        </test-method> <!-- tearDown -->
      </class> <!-- TestCases.AutoITPage -->
    </test> <!-- Default test -->
  </suite> <!-- Default suite -->
</testng-results>
